<?xml version="1.0" encoding="UTF-8"?>
<!-- Generated by org.testng.reporters.JUnitReportReporter -->
<testsuite hostname="DESKTOP-RB71H0V" failures="0" tests="2" name="com.csp.qa.testcase.AddCustomerPage_TC" time="18.848" errors="0" timestamp="08 Mar 2024 07:53:18 GMT" skipped="0">
  <testcase classname="com.csp.qa.testcase.AddCustomerPage_TC" name="AddCustomer_NotExist" time="8.262"/>
  <testcase classname="com.csp.qa.testcase.AddCustomerPage_TC" name="AddCustomer_Exist" time="10.586"/>
</testsuite> <!-- com.csp.qa.testcase.AddCustomerPage_TC -->
