<?xml version="1.0" encoding="UTF-8"?>
<!-- Generated by org.testng.reporters.JUnitReportReporter -->
<testsuite hostname="DESKTOP-RB71H0V" failures="0" tests="1" name="com.csp.qa.testcase.OpenAccountPage_TC" time="18.376" errors="0" timestamp="08 Mar 2024 07:53:18 GMT" skipped="0">
  <testcase classname="com.csp.qa.testcase.OpenAccountPage_TC" name="OpenAccount" time="18.376"/>
</testsuite> <!-- com.csp.qa.testcase.OpenAccountPage_TC -->
