<?xml version="1.0" encoding="UTF-8"?>
<!-- Generated by org.testng.reporters.JUnitReportReporter -->
<testsuite hostname="DESKTOP-RB71H0V" failures="0" tests="3" name="com.csp.qa.testcase.Withdrawl_TC" time="60.871" errors="0" timestamp="08 Mar 2024 07:53:18 GMT" skipped="0">
  <testcase classname="com.csp.qa.testcase.Withdrawl_TC" name="Verify_Withdraw_With_ValideAmmount" time="21.305"/>
  <testcase classname="com.csp.qa.testcase.Withdrawl_TC" name="Verify_Withdraw_With_InValideAmmount" time="19.059"/>
  <testcase classname="com.csp.qa.testcase.Withdrawl_TC" name="Verify_Withdraw_With_InSufficient" time="20.507"/>
</testsuite> <!-- com.csp.qa.testcase.Withdrawl_TC -->
