<?xml version="1.0" encoding="UTF-8"?>
<!-- Generated by org.testng.reporters.JUnitReportReporter -->
<testsuite hostname="DESKTOP-RB71H0V" failures="0" tests="2" name="com.csp.qa.testcase.DepositePage_TC" time="19.897" errors="0" timestamp="08 Mar 2024 07:53:18 GMT" skipped="0">
  <testcase classname="com.csp.qa.testcase.DepositePage_TC" name="VerifyDepositWithValidAmount" time="10.615"/>
  <testcase classname="com.csp.qa.testcase.DepositePage_TC" name="VerifyDepositWithInvalidAmount" time="9.282"/>
</testsuite> <!-- com.csp.qa.testcase.DepositePage_TC -->
