<?xml version="1.0" encoding="UTF-8"?>
<!-- Generated by org.testng.reporters.JUnitReportReporter -->
<testsuite hostname="DESKTOP-RB71H0V" failures="0" tests="1" name="com.csp.qa.testcase.CustomerPage_TC" time="7.604" errors="0" timestamp="08 Mar 2024 11:43:56 GMT" skipped="0">
  <testcase classname="com.csp.qa.testcase.CustomerPage_TC" name="DeleteCustomerEntry" time="7.604"/>
</testsuite> <!-- com.csp.qa.testcase.CustomerPage_TC -->
