<?xml version="1.0" encoding="UTF-8"?>
<!-- Generated by org.testng.reporters.JUnitReportReporter -->
<testsuite hostname="DESKTOP-RB71H0V" failures="0" tests="2" name="com.csp.qa.testcase.AddCustomerPage_TC" time="17.444" errors="0" timestamp="08 Mar 2024 11:43:56 GMT" skipped="0">
  <testcase classname="com.csp.qa.testcase.AddCustomerPage_TC" name="AddCustomer_NotExist" time="7.730"/>
  <testcase classname="com.csp.qa.testcase.AddCustomerPage_TC" name="AddCustomer_Exist" time="9.714"/>
</testsuite> <!-- com.csp.qa.testcase.AddCustomerPage_TC -->
