<?xml version="1.0" encoding="UTF-8"?>
<!-- Generated by org.testng.reporters.JUnitReportReporter -->
<testsuite hostname="DESKTOP-RB71H0V" failures="0" tests="2" name="com.csp.qa.testcase.DepositePage_TC" time="20.595" errors="0" timestamp="08 Mar 2024 11:43:56 GMT" skipped="0">
  <testcase classname="com.csp.qa.testcase.DepositePage_TC" name="VerifyDepositWithValidAmount" time="11.129"/>
  <testcase classname="com.csp.qa.testcase.DepositePage_TC" name="VerifyDepositWithInvalidAmount" time="9.466"/>
</testsuite> <!-- com.csp.qa.testcase.DepositePage_TC -->
