<?xml version="1.0" encoding="UTF-8"?>
<!-- Generated by org.testng.reporters.JUnitReportReporter -->
<testsuite hostname="DESKTOP-RB71H0V" failures="0" tests="1" name="com.csp.qa.testcase.TransactionsPage_TC" time="10.183" errors="0" timestamp="08 Mar 2024 11:43:56 GMT" skipped="0">
  <testcase classname="com.csp.qa.testcase.TransactionsPage_TC" name="Verify_Deposit_With_ValidAmount" time="10.183"/>
</testsuite> <!-- com.csp.qa.testcase.TransactionsPage_TC -->
