<?xml version="1.0" encoding="UTF-8"?>
<!-- Generated by org.testng.reporters.JUnitReportReporter -->
<testsuite hostname="DESKTOP-RB71H0V" failures="0" tests="3" name="com.csp.qa.testcase.Withdrawl_TC" time="61.343" errors="0" timestamp="08 Mar 2024 11:43:56 GMT" skipped="0">
  <testcase classname="com.csp.qa.testcase.Withdrawl_TC" name="Verify_Withdraw_With_ValideAmmount" time="20.384"/>
  <testcase classname="com.csp.qa.testcase.Withdrawl_TC" name="Verify_Withdraw_With_InValideAmmount" time="20.319"/>
  <testcase classname="com.csp.qa.testcase.Withdrawl_TC" name="Verify_Withdraw_With_InSufficient" time="20.640"/>
</testsuite> <!-- com.csp.qa.testcase.Withdrawl_TC -->
